Determining if the std::identity exist failed with the following output:
Change Dir: /home/a11bmafi/Library/dune/dune-elastodynamics/build-cmake/CMakeFiles/CMakeTmp

Run Build Command(s):/usr/bin/make -f Makefile cmTC_32b21/fast && /usr/bin/make  -f CMakeFiles/cmTC_32b21.dir/build.make CMakeFiles/cmTC_32b21.dir/build
make[1]: Entering directory '/home/a11bmafi/Library/dune/dune-elastodynamics/build-cmake/CMakeFiles/CMakeTmp'
Building CXX object CMakeFiles/cmTC_32b21.dir/CheckSymbolExists.cxx.o
/usr/bin/c++   -std=c++17   -fPIE -o CMakeFiles/cmTC_32b21.dir/CheckSymbolExists.cxx.o -c /home/a11bmafi/Library/dune/dune-elastodynamics/build-cmake/CMakeFiles/CMakeTmp/CheckSymbolExists.cxx
/home/a11bmafi/Library/dune/dune-elastodynamics/build-cmake/CMakeFiles/CMakeTmp/CheckSymbolExists.cxx: In function ‘int main(int, char**)’:
/home/a11bmafi/Library/dune/dune-elastodynamics/build-cmake/CMakeFiles/CMakeTmp/CheckSymbolExists.cxx:7:24: error: ‘identity’ is not a member of ‘std’
    7 |   return ((int*)(&std::identity))[argc];
      |                        ^~~~~~~~
make[1]: *** [CMakeFiles/cmTC_32b21.dir/build.make:78: CMakeFiles/cmTC_32b21.dir/CheckSymbolExists.cxx.o] Error 1
make[1]: Leaving directory '/home/a11bmafi/Library/dune/dune-elastodynamics/build-cmake/CMakeFiles/CMakeTmp'
make: *** [Makefile:127: cmTC_32b21/fast] Error 2


File /home/a11bmafi/Library/dune/dune-elastodynamics/build-cmake/CMakeFiles/CMakeTmp/CheckSymbolExists.cxx:
/* */
#include <functional>

int main(int argc, char** argv)
{
  (void)argv;
  return ((int*)(&std::identity))[argc];
}
Determining if the function sgemm_ exists failed with the following output:
Change Dir: /home/a11bmafi/Library/dune/dune-elastodynamics/build-cmake/CMakeFiles/CMakeTmp

Run Build Command(s):/usr/bin/make -f Makefile cmTC_86dd8/fast && /usr/bin/make  -f CMakeFiles/cmTC_86dd8.dir/build.make CMakeFiles/cmTC_86dd8.dir/build
make[1]: Entering directory '/home/a11bmafi/Library/dune/dune-elastodynamics/build-cmake/CMakeFiles/CMakeTmp'
Building C object CMakeFiles/cmTC_86dd8.dir/CheckFunctionExists.c.o
/usr/bin/cc   -DCHECK_FUNCTION_EXISTS=sgemm_ -fPIE -o CMakeFiles/cmTC_86dd8.dir/CheckFunctionExists.c.o -c /usr/share/cmake-3.21/Modules/CheckFunctionExists.c
Linking C executable cmTC_86dd8
/usr/bin/cmake -E cmake_link_script CMakeFiles/cmTC_86dd8.dir/link.txt --verbose=1
/usr/bin/cc  -DCHECK_FUNCTION_EXISTS=sgemm_ -rdynamic CMakeFiles/cmTC_86dd8.dir/CheckFunctionExists.c.o -o cmTC_86dd8 
/usr/bin/ld: CMakeFiles/cmTC_86dd8.dir/CheckFunctionExists.c.o: in function `main':
CheckFunctionExists.c:(.text+0x14): undefined reference to `sgemm_'
collect2: error: ld returned 1 exit status
make[1]: *** [CMakeFiles/cmTC_86dd8.dir/build.make:99: cmTC_86dd8] Error 1
make[1]: Leaving directory '/home/a11bmafi/Library/dune/dune-elastodynamics/build-cmake/CMakeFiles/CMakeTmp'
make: *** [Makefile:127: cmTC_86dd8/fast] Error 2



Performing C SOURCE FILE Test CMAKE_HAVE_LIBC_PTHREAD failed with the following output:
Change Dir: /home/a11bmafi/Library/dune/dune-elastodynamics/build-cmake/CMakeFiles/CMakeTmp

Run Build Command(s):/usr/bin/make -f Makefile cmTC_1dd83/fast && /usr/bin/make  -f CMakeFiles/cmTC_1dd83.dir/build.make CMakeFiles/cmTC_1dd83.dir/build
make[1]: Entering directory '/home/a11bmafi/Library/dune/dune-elastodynamics/build-cmake/CMakeFiles/CMakeTmp'
Building C object CMakeFiles/cmTC_1dd83.dir/src.c.o
/usr/bin/cc -DCMAKE_HAVE_LIBC_PTHREAD  -fPIE -o CMakeFiles/cmTC_1dd83.dir/src.c.o -c /home/a11bmafi/Library/dune/dune-elastodynamics/build-cmake/CMakeFiles/CMakeTmp/src.c
Linking C executable cmTC_1dd83
/usr/bin/cmake -E cmake_link_script CMakeFiles/cmTC_1dd83.dir/link.txt --verbose=1
/usr/bin/cc -rdynamic CMakeFiles/cmTC_1dd83.dir/src.c.o -o cmTC_1dd83 
/usr/bin/ld: CMakeFiles/cmTC_1dd83.dir/src.c.o: in function `main':
src.c:(.text+0x46): undefined reference to `pthread_create'
/usr/bin/ld: src.c:(.text+0x52): undefined reference to `pthread_detach'
/usr/bin/ld: src.c:(.text+0x5e): undefined reference to `pthread_cancel'
/usr/bin/ld: src.c:(.text+0x6f): undefined reference to `pthread_join'
collect2: error: ld returned 1 exit status
make[1]: *** [CMakeFiles/cmTC_1dd83.dir/build.make:99: cmTC_1dd83] Error 1
make[1]: Leaving directory '/home/a11bmafi/Library/dune/dune-elastodynamics/build-cmake/CMakeFiles/CMakeTmp'
make: *** [Makefile:127: cmTC_1dd83/fast] Error 2


Source file was:
#include <pthread.h>

static void* test_func(void* data)
{
  return data;
}

int main(void)
{
  pthread_t thread;
  pthread_create(&thread, NULL, test_func, NULL);
  pthread_detach(thread);
  pthread_cancel(thread);
  pthread_join(thread, NULL);
  pthread_atfork(NULL, NULL, NULL);
  pthread_exit(NULL);

  return 0;
}

Performing C++ SOURCE FILE Test check_cxx_compiler_flag__march_merom failed with the following output:
Change Dir: /home/a11bmafi/Library/dune/dune-elastodynamics/build-cmake/CMakeFiles/CMakeTmp

Run Build Command(s):/usr/bin/make -f Makefile cmTC_f5ecd/fast && /usr/bin/make  -f CMakeFiles/cmTC_f5ecd.dir/build.make CMakeFiles/cmTC_f5ecd.dir/build
make[1]: Entering directory '/home/a11bmafi/Library/dune/dune-elastodynamics/build-cmake/CMakeFiles/CMakeTmp'
Building CXX object CMakeFiles/cmTC_f5ecd.dir/src.cxx.o
/usr/bin/c++ -Dcheck_cxx_compiler_flag__march_merom  -std=c++17   -fPIE   -march=merom -o CMakeFiles/cmTC_f5ecd.dir/src.cxx.o -c /home/a11bmafi/Library/dune/dune-elastodynamics/build-cmake/CMakeFiles/CMakeTmp/src.cxx
cc1plus: error: bad value (‘merom’) for ‘-march=’ switch
cc1plus: note: valid arguments to ‘-march=’ switch are: nocona core2 nehalem corei7 westmere sandybridge corei7-avx ivybridge core-avx-i haswell core-avx2 broadwell skylake skylake-avx512 cannonlake icelake-client icelake-server cascadelake bonnell atom silvermont slm goldmont goldmont-plus tremont knl knm x86-64 eden-x2 nano nano-1000 nano-2000 nano-3000 nano-x2 eden-x4 nano-x4 k8 k8-sse3 opteron opteron-sse3 athlon64 athlon64-sse3 athlon-fx amdfam10 barcelona bdver1 bdver2 bdver3 bdver4 znver1 znver2 btver1 btver2 native
make[1]: *** [CMakeFiles/cmTC_f5ecd.dir/build.make:78: CMakeFiles/cmTC_f5ecd.dir/src.cxx.o] Error 1
make[1]: Leaving directory '/home/a11bmafi/Library/dune/dune-elastodynamics/build-cmake/CMakeFiles/CMakeTmp'
make: *** [Makefile:127: cmTC_f5ecd/fast] Error 2


Source file was:
#include <cstdio>
      int main() { return 0; }
